2021-03-22 18:28:33,680 - hybrid.decomposers - DEBUG - EnergyImpactDecomposer selected 12 subproblem variables: ['x45', 'x38', 'x31', 'x24', 'x44', 'x37', 'x30', 'x23', 'x43', 'x36', 'x29', 'x22']
2021-03-22 18:28:36,732 - hybrid.composers - DEBUG - SplatComposer subsamples (shape=(4,)) -> samples (shape=(1,)), sample energies changed [0.] -> [-18984.]
2021-03-22 18:28:36,735 - hybrid.flow - INFO - LoopUntilNoImprovement Iteration(iterno=0, input_state_key=0.0, output_state_key=-18984.0)
2021-03-22 18:28:36,743 - hybrid.decomposers - DEBUG - EnergyImpactDecomposer selected 12 subproblem variables: ['x42', 'x35', 'x28', 'x21', 'x41', 'x34', 'x27', 'x20', 'x7', 'x40', 'x33', 'x26']
2021-03-22 18:28:39,791 - hybrid.composers - DEBUG - SplatComposer subsamples (shape=(18,)) -> samples (shape=(1,)), sample energies changed [-18984.] -> [-91428.]
2021-03-22 18:28:39,794 - hybrid.flow - INFO - LoopUntilNoImprovement Iteration(iterno=1, input_state_key=-18984.0, output_state_key=-91428.0)
2021-03-22 18:28:39,801 - hybrid.decomposers - DEBUG - EnergyImpactDecomposer selected 12 subproblem variables: ['x39', 'x32', 'x25', 'x2', 'x13', 'x1', 'x18', 'x14', 'x4', 'x5', 'x19', 'x16']
2021-03-22 18:28:42,235 - hybrid.composers - DEBUG - SplatComposer subsamples (shape=(32,)) -> samples (shape=(1,)), sample energies changed [-91428.] -> [-100332.]
2021-03-22 18:28:42,238 - hybrid.flow - INFO - LoopUntilNoImprovement Iteration(iterno=2, input_state_key=-91428.0, output_state_key=-100332.0)
2021-03-22 18:28:42,244 - hybrid.decomposers - DEBUG - EnergyImpactDecomposer selected 10 subproblem variables: ['x10', 'x17', 'x0', 'x8', 'x11', 'x12', 'x3', 'x15', 'x6', 'x9']
2021-03-22 18:28:44,660 - hybrid.composers - DEBUG - SplatComposer subsamples (shape=(37,)) -> samples (shape=(1,)), sample energies changed [-100332.] -> [-115704.]
2021-03-22 18:28:44,663 - hybrid.flow - INFO - LoopUntilNoImprovement Iteration(iterno=3, input_state_key=-100332.0, output_state_key=-115704.0)
2021-03-22 18:28:44,672 - hybrid.decomposers - DEBUG - EnergyImpactDecomposer reset rolling at unrolled history size 46
2021-03-22 18:28:44,672 - hybrid.decomposers - DEBUG - EnergyImpactDecomposer selected 12 subproblem variables: ['x5', 'x39', 'x25', 'x4', 'x18', 'x32', 'x2', 'x17', 'x0', 'x3', 'x12', 'x14']
2021-03-22 18:28:47,062 - hybrid.composers - DEBUG - SplatComposer subsamples (shape=(7,)) -> samples (shape=(1,)), sample energies changed [-115704.] -> [-115704.]
2021-03-22 18:28:47,065 - hybrid.flow - INFO - LoopUntilNoImprovement Iteration(iterno=4, input_state_key=-115704.0, output_state_key=-115704.0)
2021-03-22 18:28:47,068 - hybrid.decomposers - DEBUG - EnergyImpactDecomposer selected 12 subproblem variables: ['x10', 'x15', 'x1', 'x13', 'x7', 'x9', 'x6', 'x28', 'x8', 'x11', 'x38', 'x24']
2021-03-22 18:28:47,977 - hybrid.composers - DEBUG - SplatComposer subsamples (shape=(102,)) -> samples (shape=(1,)), sample energies changed [-115704.] -> [-116220.]
2021-03-22 18:28:47,980 - hybrid.flow - INFO - LoopUntilNoImprovement Iteration(iterno=5, input_state_key=-115704.0, output_state_key=-116220.0)
2021-03-22 18:28:47,987 - hybrid.decomposers - DEBUG - EnergyImpactDecomposer selected 12 subproblem variables: ['x31', 'x45', 'x37', 'x23', 'x30', 'x44', 'x36', 'x22', 'x16', 'x29', 'x35', 'x33']
2021-03-22 18:28:48,798 - hybrid.composers - DEBUG - SplatComposer subsamples (shape=(8,)) -> samples (shape=(1,)), sample energies changed [-116220.] -> [-123120.]
2021-03-22 18:28:48,801 - hybrid.flow - INFO - LoopUntilNoImprovement Iteration(iterno=6, input_state_key=-116220.0, output_state_key=-123120.0)
2021-03-22 18:28:48,808 - hybrid.decomposers - DEBUG - EnergyImpactDecomposer selected 10 subproblem variables: ['x34', 'x19', 'x21', 'x43', 'x20', 'x26', 'x42', 'x27', 'x41', 'x40']
2021-03-22 18:28:49,628 - hybrid.composers - DEBUG - SplatComposer subsamples (shape=(48,)) -> samples (shape=(1,)), sample energies changed [-123120.] -> [-133488.]
2021-03-22 18:28:49,631 - hybrid.flow - INFO - LoopUntilNoImprovement Iteration(iterno=7, input_state_key=-123120.0, output_state_key=-133488.0)
2021-03-22 18:28:49,639 - hybrid.decomposers - DEBUG - EnergyImpactDecomposer reset rolling at unrolled history size 46
2021-03-22 18:28:49,639 - hybrid.decomposers - DEBUG - EnergyImpactDecomposer selected 12 subproblem variables: ['x32', 'x25', 'x5', 'x39', 'x18', 'x4', 'x17', 'x3', 'x2', 'x0', 'x16', 'x12']
2021-03-22 18:28:50,545 - hybrid.composers - DEBUG - SplatComposer subsamples (shape=(23,)) -> samples (shape=(1,)), sample energies changed [-133488.] -> [-118560.]
2021-03-22 18:28:50,548 - hybrid.flow - INFO - LoopUntilNoImprovement Iteration(iterno=8, input_state_key=-133488.0, output_state_key=-118560.0)
2021-03-22 18:28:50,556 - hybrid.decomposers - DEBUG - EnergyImpactDecomposer selected 12 subproblem variables: ['x14', 'x8', 'x40', 'x15', 'x10', 'x1', 'x13', 'x7', 'x9', 'x19', 'x6', 'x35']
2021-03-22 18:28:51,439 - hybrid.composers - DEBUG - SplatComposer subsamples (shape=(26,)) -> samples (shape=(1,)), sample energies changed [-118560.] -> [-118560.]
2021-03-22 18:28:51,443 - hybrid.flow - INFO - LoopUntilNoImprovement Iteration(iterno=9, input_state_key=-118560.0, output_state_key=-118560.0)
2021-03-22 18:28:51,446 - hybrid.decomposers - DEBUG - EnergyImpactDecomposer selected 12 subproblem variables: ['x26', 'x27', 'x36', 'x11', 'x20', 'x37', 'x44', 'x28', 'x38', 'x45', 'x29', 'x21']
2021-03-22 18:28:52,274 - hybrid.composers - DEBUG - SplatComposer subsamples (shape=(31,)) -> samples (shape=(1,)), sample energies changed [-118560.] -> [-118752.]
2021-03-22 18:28:52,277 - hybrid.flow - INFO - LoopUntilNoImprovement Iteration(iterno=10, input_state_key=-118560.0, output_state_key=-118752.0)
2021-03-22 18:28:52,284 - hybrid.decomposers - DEBUG - EnergyImpactDecomposer selected 10 subproblem variables: ['x22', 'x23', 'x24', 'x31', 'x30', 'x43', 'x42', 'x41', 'x34', 'x33']
2021-03-22 18:28:53,090 - hybrid.composers - DEBUG - SplatComposer subsamples (shape=(51,)) -> samples (shape=(1,)), sample energies changed [-118752.] -> [-142008.]
2021-03-22 18:28:53,093 - hybrid.flow - INFO - LoopUntilNoImprovement Iteration(iterno=11, input_state_key=-118752.0, output_state_key=-142008.0)
2021-03-22 18:28:53,101 - hybrid.decomposers - DEBUG - EnergyImpactDecomposer reset rolling at unrolled history size 46
2021-03-22 18:28:53,101 - hybrid.decomposers - DEBUG - EnergyImpactDecomposer selected 12 subproblem variables: ['x39', 'x5', 'x4', 'x32', 'x25', 'x18', 'x14', 'x2', 'x17', 'x0', 'x8', 'x3']
2021-03-22 18:28:53,997 - hybrid.composers - DEBUG - SplatComposer subsamples (shape=(30,)) -> samples (shape=(1,)), sample energies changed [-142008.] -> [-142176.]
2021-03-22 18:28:54,000 - hybrid.flow - INFO - LoopUntilNoImprovement Iteration(iterno=12, input_state_key=-142008.0, output_state_key=-142176.0)
2021-03-22 18:28:54,007 - hybrid.decomposers - DEBUG - EnergyImpactDecomposer selected 12 subproblem variables: ['x16', 'x11', 'x10', 'x9', 'x6', 'x1', 'x12', 'x13', 'x7', 'x15', 'x40', 'x26']
2021-03-22 18:28:54,884 - hybrid.composers - DEBUG - SplatComposer subsamples (shape=(66,)) -> samples (shape=(1,)), sample energies changed [-142176.] -> [-142788.]
2021-03-22 18:28:54,886 - hybrid.flow - INFO - LoopUntilNoImprovement Iteration(iterno=13, input_state_key=-142176.0, output_state_key=-142788.0)
2021-03-22 18:28:54,893 - hybrid.decomposers - DEBUG - EnergyImpactDecomposer selected 12 subproblem variables: ['x19', 'x33', 'x20', 'x41', 'x27', 'x42', 'x28', 'x22', 'x23', 'x43', 'x29', 'x24']
2021-03-22 18:28:55,707 - hybrid.composers - DEBUG - SplatComposer subsamples (shape=(69,)) -> samples (shape=(1,)), sample energies changed [-142788.] -> [-142950.]
2021-03-22 18:28:55,709 - hybrid.flow - INFO - LoopUntilNoImprovement Iteration(iterno=14, input_state_key=-142788.0, output_state_key=-142950.0)
2021-03-22 18:28:55,715 - hybrid.decomposers - DEBUG - EnergyImpactDecomposer selected 10 subproblem variables: ['x21', 'x44', 'x30', 'x45', 'x31', 'x34', 'x38', 'x37', 'x36', 'x35']
2021-03-22 18:28:56,533 - hybrid.composers - DEBUG - SplatComposer subsamples (shape=(110,)) -> samples (shape=(1,)), sample energies changed [-142950.] -> [-143334.]
2021-03-22 18:28:56,535 - hybrid.flow - INFO - LoopUntilNoImprovement Iteration(iterno=15, input_state_key=-142950.0, output_state_key=-143334.0)
2021-03-22 18:28:56,541 - hybrid.decomposers - DEBUG - EnergyImpactDecomposer reset rolling at unrolled history size 46
2021-03-22 18:28:56,541 - hybrid.decomposers - DEBUG - EnergyImpactDecomposer selected 12 subproblem variables: ['x2', 'x39', 'x32', 'x25', 'x5', 'x18', 'x4', 'x14', 'x17', 'x16', 'x3', 'x0']
2021-03-22 18:28:57,441 - hybrid.composers - DEBUG - SplatComposer subsamples (shape=(34,)) -> samples (shape=(1,)), sample energies changed [-143334.] -> [-143334.]
2021-03-22 18:28:57,443 - hybrid.flow - INFO - LoopUntilNoImprovement Iteration(iterno=16, input_state_key=-143334.0, output_state_key=-143334.0)
2021-03-22 18:28:57,445 - hybrid.decomposers - DEBUG - EnergyImpactDecomposer selected 12 subproblem variables: ['x8', 'x15', 'x11', 'x10', 'x12', 'x6', 'x9', 'x1', 'x7', 'x13', 'x40', 'x33']
2021-03-22 18:28:58,340 - hybrid.composers - DEBUG - SplatComposer subsamples (shape=(19,)) -> samples (shape=(1,)), sample energies changed [-143334.] -> [-143370.]
2021-03-22 18:28:58,346 - hybrid.flow - INFO - LoopUntilNoImprovement Iteration(iterno=17, input_state_key=-143334.0, output_state_key=-143370.0)
2021-03-22 18:28:58,357 - hybrid.decomposers - DEBUG - EnergyImpactDecomposer selected 12 subproblem variables: ['x26', 'x19', 'x20', 'x41', 'x34', 'x27', 'x21', 'x42', 'x35', 'x29', 'x28', 'x22']
2021-03-22 18:28:59,174 - hybrid.composers - DEBUG - SplatComposer subsamples (shape=(71,)) -> samples (shape=(1,)), sample energies changed [-143370.] -> [-143370.]
2021-03-22 18:28:59,177 - hybrid.flow - INFO - LoopUntilNoImprovement Iteration(iterno=18, input_state_key=-143370.0, output_state_key=-143370.0)
2021-03-22 18:28:59,183 - hybrid.decomposers - DEBUG - EnergyImpactDecomposer selected 10 subproblem variables: ['x43', 'x36', 'x30', 'x23', 'x44', 'x37', 'x24', 'x45', 'x38', 'x31']
2021-03-22 18:28:59,991 - hybrid.composers - DEBUG - SplatComposer subsamples (shape=(16,)) -> samples (shape=(1,)), sample energies changed [-143370.] -> [-143388.]
2021-03-22 18:28:59,994 - hybrid.flow - INFO - LoopUntilNoImprovement Iteration(iterno=19, input_state_key=-143370.0, output_state_key=-143388.0)
2021-03-22 18:29:00,000 - hybrid.decomposers - DEBUG - EnergyImpactDecomposer reset rolling at unrolled history size 46
2021-03-22 18:29:00,000 - hybrid.decomposers - DEBUG - EnergyImpactDecomposer selected 12 subproblem variables: ['x2', 'x39', 'x32', 'x25', 'x18', 'x5', 'x4', 'x14', 'x17', 'x16', 'x3', 'x0']
2021-03-22 18:29:00,898 - hybrid.composers - DEBUG - SplatComposer subsamples (shape=(30,)) -> samples (shape=(1,)), sample energies changed [-143388.] -> [-143388.]
2021-03-22 18:29:00,902 - hybrid.flow - INFO - LoopUntilNoImprovement Iteration(iterno=20, input_state_key=-143388.0, output_state_key=-143388.0)
2021-03-22 18:29:00,905 - hybrid.decomposers - DEBUG - EnergyImpactDecomposer selected 12 subproblem variables: ['x8', 'x15', 'x11', 'x12', 'x10', 'x9', 'x6', 'x1', 'x13', 'x7', 'x40', 'x33']
2021-03-22 18:29:01,768 - hybrid.composers - DEBUG - SplatComposer subsamples (shape=(34,)) -> samples (shape=(1,)), sample energies changed [-143388.] -> [-143388.]
2021-03-22 18:29:01,771 - hybrid.flow - INFO - LoopUntilNoImprovement Iteration(iterno=21, input_state_key=-143388.0, output_state_key=-143388.0)
2021-03-22 18:29:01,773 - hybrid.decomposers - DEBUG - EnergyImpactDecomposer selected 12 subproblem variables: ['x26', 'x19', 'x27', 'x20', 'x41', 'x34', 'x21', 'x42', 'x35', 'x28', 'x29', 'x22']
2021-03-22 18:29:02,573 - hybrid.composers - DEBUG - SplatComposer subsamples (shape=(64,)) -> samples (shape=(1,)), sample energies changed [-143388.] -> [-143388.]
2021-03-22 18:29:02,576 - hybrid.flow - INFO - LoopUntilNoImprovement Iteration(iterno=22, input_state_key=-143388.0, output_state_key=-143388.0)
2021-03-22 18:29:02,579 - hybrid.decomposers - DEBUG - EnergyImpactDecomposer selected 10 subproblem variables: ['x43', 'x36', 'x30', 'x23', 'x44', 'x37', 'x31', 'x24', 'x45', 'x38']
2021-03-22 18:29:03,389 - hybrid.composers - DEBUG - SplatComposer subsamples (shape=(12,)) -> samples (shape=(1,)), sample energies changed [-143388.] -> [-143388.]
2021-03-22 18:29:03,392 - hybrid.flow - INFO - LoopUntilNoImprovement Iteration(iterno=23, input_state_key=-143388.0, output_state_key=-143388.0)
2021-03-22 18:29:03,392 - hybrid_like_flow - INFO - Solution: sample=Sample(sample={'x0': 0, 'x1': 0, 'x10': 0, 'x11': 1, 'x12': 0, 'x13': 1, 'x14': 1, 'x15': 1, 'x16': 1, 'x17': 0, 'x18': 0, 'x19': 0, 'x2': 0, 'x20': 1, 'x21': 1, 'x22': 1, 'x23': 1, 'x24': 1, 'x25': 0, 'x26': 0, 'x27': 1, 'x28': 0, 'x29': 1, 'x3': 0, 'x30': 1, 'x31': 1, 'x32': 0, 'x33': 0, 'x34': 0, 'x35': 1, 'x36': 0, 'x37': 0, 'x38': 0, 'x39': 0, 'x4': 0, 'x40': 0, 'x41': 0, 'x42': 0, 'x43': 0, 'x44': 0, 'x45': 0, 'x5': 0, 'x6': 1, 'x7': 0, 'x8': 0, 'x9': 0}, energy=-143388.0, num_occurrences=1)
2021-03-22 18:29:03,393 - hybrid_like_flow - INFO - SLACK([1, 1, 0, 0]) ['x11', 'x13', 'x14', 'x15', 'x16', 'x20', 'x21', 'x22', 'x23', 'x24', 'x27', 'x29', 'x30', 'x31', 'x35', 'x6'], COST: 600.0, TIME: [28.0, 36.0, 52.0, 60.0], DEADLINE: 60, ENERGY: -143388.0
