2021-05-16 19:02:14,557 - hybrid.decomposers - DEBUG - EnergyImpactDecomposer selected 9 subproblem variables: {'x14', 'x11', 'x6', 'x16', 'x15', 'x10', 'x4', 'x12', 'x17'}
2021-05-16 19:02:17,456 - hybrid.composers - DEBUG - SplatComposer subsamples (shape=(10,)) -> samples (shape=(1,)), sample energies changed [0.] -> [-6552.]
2021-05-16 19:02:17,457 - hybrid.flow - INFO - LoopUntilNoImprovement Iteration(iterno=0, input_state_key=0.0, output_state_key=-6552.0)
2021-05-16 19:02:17,474 - hybrid.decomposers - DEBUG - EnergyImpactDecomposer selected 9 subproblem variables: {'x0', 'x13', 'x3', 'x8', 'x1', 'x2', 'x9', 'x7', 'x5'}
2021-05-16 19:02:20,707 - hybrid.composers - DEBUG - SplatComposer subsamples (shape=(27,)) -> samples (shape=(1,)), sample energies changed [-6552.] -> [-8832.]
2021-05-16 19:02:20,709 - hybrid.flow - INFO - LoopUntilNoImprovement Iteration(iterno=1, input_state_key=-6552.0, output_state_key=-8832.0)
2021-05-16 19:02:20,711 - hybrid.decomposers - DEBUG - EnergyImpactDecomposer reset rolling at unrolled history size 18
2021-05-16 19:02:20,711 - hybrid.decomposers - DEBUG - EnergyImpactDecomposer selected 9 subproblem variables: {'x0', 'x13', 'x3', 'x8', 'x6', 'x1', 'x2', 'x4', 'x5'}
2021-05-16 19:02:22,966 - hybrid.composers - DEBUG - SplatComposer subsamples (shape=(17,)) -> samples (shape=(1,)), sample energies changed [-8832.] -> [-8832.]
2021-05-16 19:02:22,968 - hybrid.flow - INFO - LoopUntilNoImprovement Iteration(iterno=2, input_state_key=-8832.0, output_state_key=-8832.0)
2021-05-16 19:02:22,969 - hybrid.decomposers - DEBUG - EnergyImpactDecomposer selected 9 subproblem variables: {'x14', 'x11', 'x16', 'x9', 'x7', 'x10', 'x15', 'x12', 'x17'}
2021-05-16 19:02:25,194 - hybrid.composers - DEBUG - SplatComposer subsamples (shape=(38,)) -> samples (shape=(1,)), sample energies changed [-8832.] -> [-8936.]
2021-05-16 19:02:25,196 - hybrid.flow - INFO - LoopUntilNoImprovement Iteration(iterno=3, input_state_key=-8832.0, output_state_key=-8936.0)
2021-05-16 19:02:25,198 - hybrid.decomposers - DEBUG - EnergyImpactDecomposer reset rolling at unrolled history size 18
2021-05-16 19:02:25,198 - hybrid.decomposers - DEBUG - EnergyImpactDecomposer selected 9 subproblem variables: {'x0', 'x13', 'x3', 'x8', 'x6', 'x1', 'x2', 'x7', 'x4'}
2021-05-16 19:02:27,466 - hybrid.composers - DEBUG - SplatComposer subsamples (shape=(16,)) -> samples (shape=(1,)), sample energies changed [-8936.] -> [-8936.]
2021-05-16 19:02:27,468 - hybrid.flow - INFO - LoopUntilNoImprovement Iteration(iterno=4, input_state_key=-8936.0, output_state_key=-8936.0)
2021-05-16 19:02:27,469 - hybrid.decomposers - DEBUG - EnergyImpactDecomposer selected 9 subproblem variables: {'x14', 'x11', 'x16', 'x9', 'x10', 'x15', 'x12', 'x17', 'x5'}
2021-05-16 19:02:28,238 - hybrid.composers - DEBUG - SplatComposer subsamples (shape=(36,)) -> samples (shape=(1,)), sample energies changed [-8936.] -> [-8936.]
2021-05-16 19:02:28,240 - hybrid.flow - INFO - LoopUntilNoImprovement Iteration(iterno=5, input_state_key=-8936.0, output_state_key=-8936.0)
2021-05-16 19:02:28,241 - hybrid.decomposers - DEBUG - EnergyImpactDecomposer reset rolling at unrolled history size 18
2021-05-16 19:02:28,241 - hybrid.decomposers - DEBUG - EnergyImpactDecomposer selected 9 subproblem variables: {'x0', 'x13', 'x3', 'x8', 'x6', 'x1', 'x2', 'x7', 'x4'}
2021-05-16 19:02:29,052 - hybrid.composers - DEBUG - SplatComposer subsamples (shape=(19,)) -> samples (shape=(1,)), sample energies changed [-8936.] -> [-8936.]
2021-05-16 19:02:29,054 - hybrid.flow - INFO - LoopUntilNoImprovement Iteration(iterno=6, input_state_key=-8936.0, output_state_key=-8936.0)
2021-05-16 19:02:29,055 - hybrid.decomposers - DEBUG - EnergyImpactDecomposer selected 9 subproblem variables: {'x14', 'x11', 'x16', 'x9', 'x10', 'x15', 'x12', 'x17', 'x5'}
2021-05-16 19:02:29,801 - hybrid.composers - DEBUG - SplatComposer subsamples (shape=(37,)) -> samples (shape=(1,)), sample energies changed [-8936.] -> [-8936.]
2021-05-16 19:02:29,803 - hybrid.flow - INFO - LoopUntilNoImprovement Iteration(iterno=7, input_state_key=-8936.0, output_state_key=-8936.0)
2021-05-16 19:02:29,804 - hybrid_like_flow - INFO - Solution: sample=Sample(sample={'x0': 0, 'x1': 0, 'x10': 1, 'x11': 0, 'x12': 1, 'x13': 0, 'x14': 1, 'x15': 0, 'x16': 1, 'x17': 0, 'x2': 0, 'x3': 0, 'x4': 1, 'x5': 1, 'x6': 1, 'x7': 1, 'x8': 0, 'x9': 1}, energy=-8936.0, num_occurrences=1)
2021-05-16 19:02:29,804 - hybrid_like_flow - INFO - ['x10', 'x12', 'x14', 'x16', 'x4', 'x5', 'x6', 'x7', 'x9'], COST: 40.0, TIME: [6.0, 9.0], DEADLINE: 19, ENERGY: -8936.0
