2021-03-22 18:09:43,860 - hybrid.decomposers - DEBUG - EnergyImpactDecomposer selected 11 subproblem variables: ['x32', 'x26', 'x20', 'x31', 'x27', 'x25', 'x21', 'x19', 'x15', 'x30', 'x24']
2021-03-22 18:09:47,046 - hybrid.composers - DEBUG - SplatComposer subsamples (shape=(16,)) -> samples (shape=(1,)), sample energies changed [0.] -> [-5181.]
2021-03-22 18:09:47,048 - hybrid.flow - INFO - LoopUntilNoImprovement Iteration(iterno=0, input_state_key=0.0, output_state_key=-5181.0)
2021-03-22 18:09:47,052 - hybrid.decomposers - DEBUG - EnergyImpactDecomposer selected 11 subproblem variables: ['x28', 'x22', 'x29', 'x23', 'x18', 'x6', 'x8', 'x11', 'x17', 'x7', 'x1']
2021-03-22 18:09:50,126 - hybrid.composers - DEBUG - SplatComposer subsamples (shape=(17,)) -> samples (shape=(1,)), sample energies changed [-5181.] -> [-12750.]
2021-03-22 18:09:50,128 - hybrid.flow - INFO - LoopUntilNoImprovement Iteration(iterno=1, input_state_key=-5181.0, output_state_key=-12750.0)
2021-03-22 18:09:50,132 - hybrid.decomposers - DEBUG - EnergyImpactDecomposer selected 11 subproblem variables: ['x2', 'x16', 'x3', 'x12', 'x13', 'x4', 'x0', 'x14', 'x10', 'x9', 'x5']
2021-03-22 18:09:52,587 - hybrid.composers - DEBUG - SplatComposer subsamples (shape=(13,)) -> samples (shape=(1,)), sample energies changed [-12750.] -> [-14142.]
2021-03-22 18:09:52,588 - hybrid.flow - INFO - LoopUntilNoImprovement Iteration(iterno=2, input_state_key=-12750.0, output_state_key=-14142.0)
2021-03-22 18:09:52,595 - hybrid.decomposers - DEBUG - EnergyImpactDecomposer reset rolling at unrolled history size 33
2021-03-22 18:09:52,595 - hybrid.decomposers - DEBUG - EnergyImpactDecomposer selected 11 subproblem variables: ['x21', 'x27', 'x15', 'x22', 'x28', 'x2', 'x4', 'x0', 'x16', 'x3', 'x14']
2021-03-22 18:09:55,023 - hybrid.composers - DEBUG - SplatComposer subsamples (shape=(14,)) -> samples (shape=(1,)), sample energies changed [-14142.] -> [-14142.]
2021-03-22 18:09:55,025 - hybrid.flow - INFO - LoopUntilNoImprovement Iteration(iterno=3, input_state_key=-14142.0, output_state_key=-14142.0)
2021-03-22 18:09:55,027 - hybrid.decomposers - DEBUG - EnergyImpactDecomposer selected 11 subproblem variables: ['x10', 'x12', 'x13', 'x1', 'x6', 'x11', 'x8', 'x7', 'x9', 'x5', 'x17']
2021-03-22 18:09:57,420 - hybrid.composers - DEBUG - SplatComposer subsamples (shape=(54,)) -> samples (shape=(1,)), sample energies changed [-14142.] -> [-14220.]
2021-03-22 18:09:57,423 - hybrid.flow - INFO - LoopUntilNoImprovement Iteration(iterno=4, input_state_key=-14142.0, output_state_key=-14220.0)
2021-03-22 18:09:57,427 - hybrid.decomposers - DEBUG - EnergyImpactDecomposer selected 11 subproblem variables: ['x18', 'x19', 'x20', 'x32', 'x26', 'x31', 'x29', 'x25', 'x30', 'x24', 'x23']
2021-03-22 18:09:58,517 - hybrid.composers - DEBUG - SplatComposer subsamples (shape=(35,)) -> samples (shape=(1,)), sample energies changed [-14220.] -> [-14891.]
2021-03-22 18:09:58,519 - hybrid.flow - INFO - LoopUntilNoImprovement Iteration(iterno=5, input_state_key=-14220.0, output_state_key=-14891.0)
2021-03-22 18:09:58,524 - hybrid.decomposers - DEBUG - EnergyImpactDecomposer reset rolling at unrolled history size 33
2021-03-22 18:09:58,524 - hybrid.decomposers - DEBUG - EnergyImpactDecomposer selected 11 subproblem variables: ['x27', 'x21', 'x15', 'x28', 'x22', 'x2', 'x3', 'x4', 'x0', 'x12', 'x16']
2021-03-22 18:09:59,336 - hybrid.composers - DEBUG - SplatComposer subsamples (shape=(15,)) -> samples (shape=(1,)), sample energies changed [-14891.] -> [-14891.]
2021-03-22 18:09:59,339 - hybrid.flow - INFO - LoopUntilNoImprovement Iteration(iterno=6, input_state_key=-14891.0, output_state_key=-14891.0)
2021-03-22 18:09:59,340 - hybrid.decomposers - DEBUG - EnergyImpactDecomposer selected 11 subproblem variables: ['x13', 'x1', 'x14', 'x10', 'x9', 'x5', 'x7', 'x8', 'x6', 'x11', 'x29']
2021-03-22 18:10:00,192 - hybrid.composers - DEBUG - SplatComposer subsamples (shape=(47,)) -> samples (shape=(1,)), sample energies changed [-14891.] -> [-14891.]
2021-03-22 18:10:00,194 - hybrid.flow - INFO - LoopUntilNoImprovement Iteration(iterno=7, input_state_key=-14891.0, output_state_key=-14891.0)
2021-03-22 18:10:00,198 - hybrid.decomposers - DEBUG - EnergyImpactDecomposer selected 11 subproblem variables: ['x17', 'x30', 'x24', 'x23', 'x18', 'x25', 'x19', 'x32', 'x20', 'x26', 'x31']
2021-03-22 18:10:01,013 - hybrid.composers - DEBUG - SplatComposer subsamples (shape=(62,)) -> samples (shape=(1,)), sample energies changed [-14891.] -> [-14990.]
2021-03-22 18:10:01,015 - hybrid.flow - INFO - LoopUntilNoImprovement Iteration(iterno=8, input_state_key=-14891.0, output_state_key=-14990.0)
2021-03-22 18:10:01,019 - hybrid.decomposers - DEBUG - EnergyImpactDecomposer reset rolling at unrolled history size 33
2021-03-22 18:10:01,019 - hybrid.decomposers - DEBUG - EnergyImpactDecomposer selected 11 subproblem variables: ['x27', 'x21', 'x15', 'x28', 'x22', 'x16', 'x2', 'x4', 'x0', 'x3', 'x12']
2021-03-22 18:10:01,848 - hybrid.composers - DEBUG - SplatComposer subsamples (shape=(17,)) -> samples (shape=(1,)), sample energies changed [-14990.] -> [-14990.]
2021-03-22 18:10:01,850 - hybrid.flow - INFO - LoopUntilNoImprovement Iteration(iterno=9, input_state_key=-14990.0, output_state_key=-14990.0)
2021-03-22 18:10:01,853 - hybrid.decomposers - DEBUG - EnergyImpactDecomposer selected 11 subproblem variables: ['x14', 'x10', 'x13', 'x7', 'x5', 'x9', 'x1', 'x8', 'x11', 'x6', 'x29']
2021-03-22 18:10:02,690 - hybrid.composers - DEBUG - SplatComposer subsamples (shape=(54,)) -> samples (shape=(1,)), sample energies changed [-14990.] -> [-14990.]
2021-03-22 18:10:02,692 - hybrid.flow - INFO - LoopUntilNoImprovement Iteration(iterno=10, input_state_key=-14990.0, output_state_key=-14990.0)
2021-03-22 18:10:02,696 - hybrid.decomposers - DEBUG - EnergyImpactDecomposer selected 11 subproblem variables: ['x23', 'x17', 'x30', 'x24', 'x18', 'x31', 'x25', 'x19', 'x32', 'x26', 'x20']
2021-03-22 18:10:03,513 - hybrid.composers - DEBUG - SplatComposer subsamples (shape=(57,)) -> samples (shape=(1,)), sample energies changed [-14990.] -> [-14990.]
2021-03-22 18:10:03,517 - hybrid.flow - INFO - LoopUntilNoImprovement Iteration(iterno=11, input_state_key=-14990.0, output_state_key=-14990.0)
2021-03-22 18:10:03,522 - hybrid.decomposers - DEBUG - EnergyImpactDecomposer reset rolling at unrolled history size 33
2021-03-22 18:10:03,522 - hybrid.decomposers - DEBUG - EnergyImpactDecomposer selected 11 subproblem variables: ['x27', 'x21', 'x15', 'x28', 'x22', 'x16', 'x2', 'x4', 'x0', 'x3', 'x12']
2021-03-22 18:10:04,396 - hybrid.composers - DEBUG - SplatComposer subsamples (shape=(19,)) -> samples (shape=(1,)), sample energies changed [-14990.] -> [-14990.]
2021-03-22 18:10:04,397 - hybrid.flow - INFO - LoopUntilNoImprovement Iteration(iterno=12, input_state_key=-14990.0, output_state_key=-14990.0)
2021-03-22 18:10:04,398 - hybrid_like_flow - INFO - Solution: sample=Sample(sample={'x0': 0, 'x1': 1, 'x10': 0, 'x11': 0, 'x12': 0, 'x13': 0, 'x14': 1, 'x15': 0, 'x16': 0, 'x17': 1, 'x18': 0, 'x19': 0, 'x2': 0, 'x20': 0, 'x21': 0, 'x22': 0, 'x23': 0, 'x24': 1, 'x25': 1, 'x26': 1, 'x27': 0, 'x28': 0, 'x29': 1, 'x3': 0, 'x30': 0, 'x31': 0, 'x32': 0, 'x4': 0, 'x5': 1, 'x6': 0, 'x7': 1, 'x8': 1, 'x9': 0}, energy=-14990.0, num_occurrences=1)
2021-03-22 18:10:04,399 - hybrid_like_flow - INFO - ['x1', 'x14', 'x17', 'x24', 'x25', 'x26', 'x29', 'x5', 'x7', 'x8'], COST: 47.0, TIME: [9.0, 10.0, 9.0], DEADLINE: 17, ENERGY: -14990.0
