2021-04-06 18:13:58,972 - hybrid.decomposers - DEBUG - EnergyImpactDecomposer selected 12 subproblem variables: ['x45', 'x38', 'x31', 'x24', 'x44', 'x37', 'x30', 'x23', 'x43', 'x36', 'x29', 'x22']
2021-04-06 18:14:02,048 - hybrid.composers - DEBUG - SplatComposer subsamples (shape=(4,)) -> samples (shape=(1,)), sample energies changed [0.] -> [-18984.]
2021-04-06 18:14:02,051 - hybrid.flow - INFO - LoopUntilNoImprovement Iteration(iterno=0, input_state_key=0.0, output_state_key=-18984.0)
2021-04-06 18:14:02,057 - hybrid.decomposers - DEBUG - EnergyImpactDecomposer selected 12 subproblem variables: ['x42', 'x35', 'x28', 'x21', 'x41', 'x34', 'x27', 'x20', 'x7', 'x40', 'x33', 'x26']
2021-04-06 18:14:05,068 - hybrid.composers - DEBUG - SplatComposer subsamples (shape=(18,)) -> samples (shape=(1,)), sample energies changed [-18984.] -> [-91428.]
2021-04-06 18:14:05,070 - hybrid.flow - INFO - LoopUntilNoImprovement Iteration(iterno=1, input_state_key=-18984.0, output_state_key=-91428.0)
2021-04-06 18:14:05,078 - hybrid.decomposers - DEBUG - EnergyImpactDecomposer selected 12 subproblem variables: ['x39', 'x32', 'x25', 'x2', 'x13', 'x1', 'x18', 'x14', 'x4', 'x5', 'x19', 'x16']
2021-04-06 18:14:07,424 - hybrid.composers - DEBUG - SplatComposer subsamples (shape=(38,)) -> samples (shape=(1,)), sample energies changed [-91428.] -> [-100332.]
2021-04-06 18:14:07,427 - hybrid.flow - INFO - LoopUntilNoImprovement Iteration(iterno=2, input_state_key=-91428.0, output_state_key=-100332.0)
2021-04-06 18:14:07,433 - hybrid.decomposers - DEBUG - EnergyImpactDecomposer selected 10 subproblem variables: ['x10', 'x17', 'x0', 'x8', 'x11', 'x12', 'x3', 'x15', 'x6', 'x9']
2021-04-06 18:14:09,857 - hybrid.composers - DEBUG - SplatComposer subsamples (shape=(31,)) -> samples (shape=(1,)), sample energies changed [-100332.] -> [-115704.]
2021-04-06 18:14:09,860 - hybrid.flow - INFO - LoopUntilNoImprovement Iteration(iterno=3, input_state_key=-100332.0, output_state_key=-115704.0)
2021-04-06 18:14:09,865 - hybrid.decomposers - DEBUG - EnergyImpactDecomposer reset rolling at unrolled history size 46
2021-04-06 18:14:09,866 - hybrid.decomposers - DEBUG - EnergyImpactDecomposer selected 12 subproblem variables: ['x5', 'x39', 'x25', 'x4', 'x18', 'x32', 'x2', 'x17', 'x0', 'x3', 'x12', 'x14']
2021-04-06 18:14:12,242 - hybrid.composers - DEBUG - SplatComposer subsamples (shape=(6,)) -> samples (shape=(1,)), sample energies changed [-115704.] -> [-115704.]
2021-04-06 18:14:12,245 - hybrid.flow - INFO - LoopUntilNoImprovement Iteration(iterno=4, input_state_key=-115704.0, output_state_key=-115704.0)
2021-04-06 18:14:12,247 - hybrid.decomposers - DEBUG - EnergyImpactDecomposer selected 12 subproblem variables: ['x10', 'x15', 'x1', 'x13', 'x7', 'x9', 'x6', 'x28', 'x8', 'x11', 'x38', 'x24']
2021-04-06 18:14:13,140 - hybrid.composers - DEBUG - SplatComposer subsamples (shape=(89,)) -> samples (shape=(1,)), sample energies changed [-115704.] -> [-116220.]
2021-04-06 18:14:13,142 - hybrid.flow - INFO - LoopUntilNoImprovement Iteration(iterno=5, input_state_key=-115704.0, output_state_key=-116220.0)
2021-04-06 18:14:13,149 - hybrid.decomposers - DEBUG - EnergyImpactDecomposer selected 12 subproblem variables: ['x31', 'x45', 'x37', 'x23', 'x30', 'x44', 'x36', 'x22', 'x16', 'x29', 'x35', 'x33']
2021-04-06 18:14:13,959 - hybrid.composers - DEBUG - SplatComposer subsamples (shape=(10,)) -> samples (shape=(1,)), sample energies changed [-116220.] -> [-123120.]
2021-04-06 18:14:13,962 - hybrid.flow - INFO - LoopUntilNoImprovement Iteration(iterno=6, input_state_key=-116220.0, output_state_key=-123120.0)
2021-04-06 18:14:13,972 - hybrid.decomposers - DEBUG - EnergyImpactDecomposer selected 10 subproblem variables: ['x34', 'x19', 'x21', 'x43', 'x20', 'x26', 'x42', 'x27', 'x41', 'x40']
2021-04-06 18:14:14,779 - hybrid.composers - DEBUG - SplatComposer subsamples (shape=(42,)) -> samples (shape=(1,)), sample energies changed [-123120.] -> [-133488.]
2021-04-06 18:14:14,782 - hybrid.flow - INFO - LoopUntilNoImprovement Iteration(iterno=7, input_state_key=-123120.0, output_state_key=-133488.0)
2021-04-06 18:14:14,788 - hybrid.decomposers - DEBUG - EnergyImpactDecomposer reset rolling at unrolled history size 46
2021-04-06 18:14:14,789 - hybrid.decomposers - DEBUG - EnergyImpactDecomposer selected 12 subproblem variables: ['x32', 'x25', 'x5', 'x39', 'x18', 'x4', 'x17', 'x3', 'x2', 'x0', 'x16', 'x12']
2021-04-06 18:14:15,627 - hybrid.composers - DEBUG - SplatComposer subsamples (shape=(16,)) -> samples (shape=(1,)), sample energies changed [-133488.] -> [-133488.]
2021-04-06 18:14:15,630 - hybrid.flow - INFO - LoopUntilNoImprovement Iteration(iterno=8, input_state_key=-133488.0, output_state_key=-133488.0)
2021-04-06 18:14:15,633 - hybrid.decomposers - DEBUG - EnergyImpactDecomposer selected 12 subproblem variables: ['x15', 'x10', 'x1', 'x13', 'x11', 'x9', 'x7', 'x6', 'x40', 'x19', 'x33', 'x26']
2021-04-06 18:14:16,507 - hybrid.composers - DEBUG - SplatComposer subsamples (shape=(30,)) -> samples (shape=(1,)), sample energies changed [-133488.] -> [-133488.]
2021-04-06 18:14:16,510 - hybrid.flow - INFO - LoopUntilNoImprovement Iteration(iterno=9, input_state_key=-133488.0, output_state_key=-133488.0)
2021-04-06 18:14:16,512 - hybrid.decomposers - DEBUG - EnergyImpactDecomposer selected 12 subproblem variables: ['x27', 'x14', 'x41', 'x20', 'x35', 'x28', 'x42', 'x36', 'x34', 'x29', 'x21', 'x37']
2021-04-06 18:14:17,301 - hybrid.composers - DEBUG - SplatComposer subsamples (shape=(10,)) -> samples (shape=(1,)), sample energies changed [-133488.] -> [-141096.]
2021-04-06 18:14:17,305 - hybrid.flow - INFO - LoopUntilNoImprovement Iteration(iterno=10, input_state_key=-133488.0, output_state_key=-141096.0)
2021-04-06 18:14:17,311 - hybrid.decomposers - DEBUG - EnergyImpactDecomposer selected 10 subproblem variables: ['x8', 'x38', 'x30', 'x44', 'x22', 'x31', 'x45', 'x23', 'x24', 'x43']
2021-04-06 18:14:18,117 - hybrid.composers - DEBUG - SplatComposer subsamples (shape=(452,)) -> samples (shape=(1,)), sample energies changed [-141096.] -> [-141192.]
2021-04-06 18:14:18,119 - hybrid.flow - INFO - LoopUntilNoImprovement Iteration(iterno=11, input_state_key=-141096.0, output_state_key=-141192.0)
2021-04-06 18:14:18,126 - hybrid.decomposers - DEBUG - EnergyImpactDecomposer reset rolling at unrolled history size 46
2021-04-06 18:14:18,126 - hybrid.decomposers - DEBUG - EnergyImpactDecomposer selected 12 subproblem variables: ['x2', 'x32', 'x5', 'x25', 'x39', 'x18', 'x4', 'x17', 'x3', 'x0', 'x8', 'x15']
2021-04-06 18:14:18,946 - hybrid.composers - DEBUG - SplatComposer subsamples (shape=(10,)) -> samples (shape=(1,)), sample energies changed [-141192.] -> [-141192.]
2021-04-06 18:14:18,949 - hybrid.flow - INFO - LoopUntilNoImprovement Iteration(iterno=12, input_state_key=-141192.0, output_state_key=-141192.0)
2021-04-06 18:14:18,951 - hybrid.decomposers - DEBUG - EnergyImpactDecomposer selected 12 subproblem variables: ['x12', 'x16', 'x14', 'x10', 'x1', 'x13', 'x7', 'x6', 'x11', 'x9', 'x40', 'x19']
2021-04-06 18:14:19,822 - hybrid.composers - DEBUG - SplatComposer subsamples (shape=(41,)) -> samples (shape=(1,)), sample energies changed [-141192.] -> [-141192.]
2021-04-06 18:14:19,825 - hybrid.flow - INFO - LoopUntilNoImprovement Iteration(iterno=13, input_state_key=-141192.0, output_state_key=-141192.0)
2021-04-06 18:14:19,827 - hybrid.decomposers - DEBUG - EnergyImpactDecomposer selected 12 subproblem variables: ['x34', 'x26', 'x27', 'x35', 'x41', 'x20', 'x36', 'x28', 'x37', 'x42', 'x29', 'x21']
2021-04-06 18:14:20,616 - hybrid.composers - DEBUG - SplatComposer subsamples (shape=(22,)) -> samples (shape=(1,)), sample energies changed [-141192.] -> [-141384.]
2021-04-06 18:14:20,618 - hybrid.flow - INFO - LoopUntilNoImprovement Iteration(iterno=14, input_state_key=-141192.0, output_state_key=-141384.0)
2021-04-06 18:14:20,625 - hybrid.decomposers - DEBUG - EnergyImpactDecomposer selected 10 subproblem variables: ['x38', 'x43', 'x22', 'x44', 'x23', 'x45', 'x24', 'x31', 'x30', 'x33']
2021-04-06 18:14:21,697 - hybrid.composers - DEBUG - SplatComposer subsamples (shape=(75,)) -> samples (shape=(1,)), sample energies changed [-141384.] -> [-142338.]
2021-04-06 18:14:21,700 - hybrid.flow - INFO - LoopUntilNoImprovement Iteration(iterno=15, input_state_key=-141384.0, output_state_key=-142338.0)
2021-04-06 18:14:21,707 - hybrid.decomposers - DEBUG - EnergyImpactDecomposer reset rolling at unrolled history size 46
2021-04-06 18:14:21,707 - hybrid.decomposers - DEBUG - EnergyImpactDecomposer selected 12 subproblem variables: ['x39', 'x25', 'x18', 'x2', 'x14', 'x4', 'x5', 'x32', 'x16', 'x17', 'x11', 'x0']
2021-04-06 18:14:22,568 - hybrid.composers - DEBUG - SplatComposer subsamples (shape=(52,)) -> samples (shape=(1,)), sample energies changed [-142338.] -> [-142338.]
2021-04-06 18:14:22,571 - hybrid.flow - INFO - LoopUntilNoImprovement Iteration(iterno=16, input_state_key=-142338.0, output_state_key=-142338.0)
2021-04-06 18:14:22,573 - hybrid.decomposers - DEBUG - EnergyImpactDecomposer selected 12 subproblem variables: ['x10', 'x9', 'x3', 'x6', 'x1', 'x8', 'x12', 'x13', 'x7', 'x15', 'x40', 'x26']
2021-04-06 18:14:23,426 - hybrid.composers - DEBUG - SplatComposer subsamples (shape=(44,)) -> samples (shape=(1,)), sample energies changed [-142338.] -> [-142878.]
2021-04-06 18:14:23,428 - hybrid.flow - INFO - LoopUntilNoImprovement Iteration(iterno=17, input_state_key=-142338.0, output_state_key=-142878.0)
2021-04-06 18:14:23,434 - hybrid.decomposers - DEBUG - EnergyImpactDecomposer selected 12 subproblem variables: ['x19', 'x33', 'x20', 'x41', 'x27', 'x42', 'x28', 'x22', 'x34', 'x23', 'x43', 'x29']
2021-04-06 18:14:24,243 - hybrid.composers - DEBUG - SplatComposer subsamples (shape=(107,)) -> samples (shape=(1,)), sample energies changed [-142878.] -> [-142998.]
2021-04-06 18:14:24,246 - hybrid.flow - INFO - LoopUntilNoImprovement Iteration(iterno=18, input_state_key=-142878.0, output_state_key=-142998.0)
2021-04-06 18:14:24,254 - hybrid.decomposers - DEBUG - EnergyImpactDecomposer selected 10 subproblem variables: ['x21', 'x38', 'x44', 'x30', 'x45', 'x31', 'x24', 'x37', 'x36', 'x35']
2021-04-06 18:14:25,046 - hybrid.composers - DEBUG - SplatComposer subsamples (shape=(105,)) -> samples (shape=(1,)), sample energies changed [-142998.] -> [-143334.]
2021-04-06 18:14:25,048 - hybrid.flow - INFO - LoopUntilNoImprovement Iteration(iterno=19, input_state_key=-142998.0, output_state_key=-143334.0)
2021-04-06 18:14:25,055 - hybrid.decomposers - DEBUG - EnergyImpactDecomposer reset rolling at unrolled history size 46
2021-04-06 18:14:25,056 - hybrid.decomposers - DEBUG - EnergyImpactDecomposer selected 12 subproblem variables: ['x2', 'x39', 'x32', 'x25', 'x5', 'x18', 'x4', 'x14', 'x17', 'x16', 'x3', 'x0']
2021-04-06 18:14:25,880 - hybrid.composers - DEBUG - SplatComposer subsamples (shape=(29,)) -> samples (shape=(1,)), sample energies changed [-143334.] -> [-143334.]
2021-04-06 18:14:25,883 - hybrid.flow - INFO - LoopUntilNoImprovement Iteration(iterno=20, input_state_key=-143334.0, output_state_key=-143334.0)
2021-04-06 18:14:25,886 - hybrid.decomposers - DEBUG - EnergyImpactDecomposer selected 12 subproblem variables: ['x8', 'x15', 'x11', 'x10', 'x12', 'x6', 'x9', 'x1', 'x7', 'x13', 'x40', 'x33']
2021-04-06 18:14:26,750 - hybrid.composers - DEBUG - SplatComposer subsamples (shape=(24,)) -> samples (shape=(1,)), sample energies changed [-143334.] -> [-143370.]
2021-04-06 18:14:26,754 - hybrid.flow - INFO - LoopUntilNoImprovement Iteration(iterno=21, input_state_key=-143334.0, output_state_key=-143370.0)
2021-04-06 18:14:26,760 - hybrid.decomposers - DEBUG - EnergyImpactDecomposer selected 12 subproblem variables: ['x26', 'x19', 'x20', 'x41', 'x34', 'x27', 'x21', 'x42', 'x35', 'x29', 'x28', 'x22']
2021-04-06 18:14:27,538 - hybrid.composers - DEBUG - SplatComposer subsamples (shape=(64,)) -> samples (shape=(1,)), sample energies changed [-143370.] -> [-143370.]
2021-04-06 18:14:27,541 - hybrid.flow - INFO - LoopUntilNoImprovement Iteration(iterno=22, input_state_key=-143370.0, output_state_key=-143370.0)
2021-04-06 18:14:27,543 - hybrid.decomposers - DEBUG - EnergyImpactDecomposer selected 10 subproblem variables: ['x43', 'x36', 'x23', 'x31', 'x44', 'x37', 'x24', 'x45', 'x38', 'x30']
2021-04-06 18:14:28,334 - hybrid.composers - DEBUG - SplatComposer subsamples (shape=(15,)) -> samples (shape=(1,)), sample energies changed [-143370.] -> [-143394.]
2021-04-06 18:14:28,337 - hybrid.flow - INFO - LoopUntilNoImprovement Iteration(iterno=23, input_state_key=-143370.0, output_state_key=-143394.0)
2021-04-06 18:14:28,343 - hybrid.decomposers - DEBUG - EnergyImpactDecomposer reset rolling at unrolled history size 46
2021-04-06 18:14:28,343 - hybrid.decomposers - DEBUG - EnergyImpactDecomposer selected 12 subproblem variables: ['x2', 'x39', 'x32', 'x25', 'x18', 'x5', 'x4', 'x14', 'x17', 'x16', 'x3', 'x0']
2021-04-06 18:14:29,177 - hybrid.composers - DEBUG - SplatComposer subsamples (shape=(30,)) -> samples (shape=(1,)), sample energies changed [-143394.] -> [-143394.]
2021-04-06 18:14:29,180 - hybrid.flow - INFO - LoopUntilNoImprovement Iteration(iterno=24, input_state_key=-143394.0, output_state_key=-143394.0)
2021-04-06 18:14:29,182 - hybrid.decomposers - DEBUG - EnergyImpactDecomposer selected 12 subproblem variables: ['x8', 'x15', 'x12', 'x11', 'x10', 'x9', 'x1', 'x6', 'x13', 'x7', 'x40', 'x33']
2021-04-06 18:14:30,038 - hybrid.composers - DEBUG - SplatComposer subsamples (shape=(22,)) -> samples (shape=(1,)), sample energies changed [-143394.] -> [-143394.]
2021-04-06 18:14:30,041 - hybrid.flow - INFO - LoopUntilNoImprovement Iteration(iterno=25, input_state_key=-143394.0, output_state_key=-143394.0)
2021-04-06 18:14:30,044 - hybrid.decomposers - DEBUG - EnergyImpactDecomposer selected 12 subproblem variables: ['x26', 'x19', 'x20', 'x41', 'x34', 'x27', 'x21', 'x42', 'x35', 'x28', 'x22', 'x43']
2021-04-06 18:14:30,836 - hybrid.composers - DEBUG - SplatComposer subsamples (shape=(62,)) -> samples (shape=(1,)), sample energies changed [-143394.] -> [-143394.]
2021-04-06 18:14:30,839 - hybrid.flow - INFO - LoopUntilNoImprovement Iteration(iterno=26, input_state_key=-143394.0, output_state_key=-143394.0)
2021-04-06 18:14:30,842 - hybrid.decomposers - DEBUG - EnergyImpactDecomposer selected 10 subproblem variables: ['x36', 'x29', 'x23', 'x44', 'x37', 'x30', 'x24', 'x45', 'x38', 'x31']
2021-04-06 18:14:31,622 - hybrid.composers - DEBUG - SplatComposer subsamples (shape=(17,)) -> samples (shape=(1,)), sample energies changed [-143394.] -> [-143394.]
2021-04-06 18:14:31,624 - hybrid.flow - INFO - LoopUntilNoImprovement Iteration(iterno=27, input_state_key=-143394.0, output_state_key=-143394.0)
2021-04-06 18:14:31,625 - hybrid_like_flow - INFO - Solution: sample=Sample(sample={'x0': 0, 'x1': 0, 'x10': 0, 'x11': 1, 'x12': 0, 'x13': 1, 'x14': 1, 'x15': 1, 'x16': 1, 'x17': 0, 'x18': 0, 'x19': 0, 'x2': 0, 'x20': 1, 'x21': 1, 'x22': 1, 'x23': 1, 'x24': 1, 'x25': 0, 'x26': 0, 'x27': 1, 'x28': 1, 'x29': 0, 'x3': 0, 'x30': 0, 'x31': 0, 'x32': 0, 'x33': 0, 'x34': 0, 'x35': 1, 'x36': 0, 'x37': 0, 'x38': 0, 'x39': 0, 'x4': 0, 'x40': 0, 'x41': 0, 'x42': 0, 'x43': 0, 'x44': 0, 'x45': 0, 'x5': 0, 'x6': 1, 'x7': 0, 'x8': 0, 'x9': 0}, energy=-143394.0, num_occurrences=1)
2021-04-06 18:14:31,626 - hybrid_like_flow - INFO - SLACK([1, 0, 0, 0]) ['x11', 'x13', 'x14', 'x15', 'x16', 'x20', 'x21', 'x22', 'x23', 'x24', 'x27', 'x28', 'x35', 'x6'], COST: 600.0, TIME: [28.0, 36.0, 52.0, 60.0], DEADLINE: 60, ENERGY: -143394.0
