2021-04-06 18:11:07,522 - hybrid.decomposers - DEBUG - EnergyImpactDecomposer selected 12 subproblem variables: ['x45', 'x38', 'x31', 'x24', 'x44', 'x37', 'x30', 'x23', 'x43', 'x36', 'x29', 'x22']
2021-04-06 18:11:10,569 - hybrid.composers - DEBUG - SplatComposer subsamples (shape=(8,)) -> samples (shape=(1,)), sample energies changed [0.] -> [-18984.]
2021-04-06 18:11:10,572 - hybrid.flow - INFO - LoopUntilNoImprovement Iteration(iterno=0, input_state_key=0.0, output_state_key=-18984.0)
2021-04-06 18:11:10,579 - hybrid.decomposers - DEBUG - EnergyImpactDecomposer selected 12 subproblem variables: ['x42', 'x35', 'x28', 'x21', 'x41', 'x34', 'x27', 'x20', 'x7', 'x40', 'x33', 'x26']
2021-04-06 18:11:13,589 - hybrid.composers - DEBUG - SplatComposer subsamples (shape=(21,)) -> samples (shape=(1,)), sample energies changed [-18984.] -> [-91428.]
2021-04-06 18:11:13,599 - hybrid.flow - INFO - LoopUntilNoImprovement Iteration(iterno=1, input_state_key=-18984.0, output_state_key=-91428.0)
2021-04-06 18:11:13,625 - hybrid.decomposers - DEBUG - EnergyImpactDecomposer selected 12 subproblem variables: ['x39', 'x32', 'x25', 'x2', 'x13', 'x1', 'x18', 'x14', 'x4', 'x5', 'x19', 'x16']
2021-04-06 18:11:16,273 - hybrid.composers - DEBUG - SplatComposer subsamples (shape=(26,)) -> samples (shape=(1,)), sample energies changed [-91428.] -> [-100332.]
2021-04-06 18:11:16,276 - hybrid.flow - INFO - LoopUntilNoImprovement Iteration(iterno=2, input_state_key=-91428.0, output_state_key=-100332.0)
2021-04-06 18:11:16,288 - hybrid.decomposers - DEBUG - EnergyImpactDecomposer selected 10 subproblem variables: ['x10', 'x17', 'x0', 'x8', 'x11', 'x12', 'x3', 'x15', 'x6', 'x9']
2021-04-06 18:11:18,652 - hybrid.composers - DEBUG - SplatComposer subsamples (shape=(36,)) -> samples (shape=(1,)), sample energies changed [-100332.] -> [-115704.]
2021-04-06 18:11:18,655 - hybrid.flow - INFO - LoopUntilNoImprovement Iteration(iterno=3, input_state_key=-100332.0, output_state_key=-115704.0)
2021-04-06 18:11:18,661 - hybrid.decomposers - DEBUG - EnergyImpactDecomposer reset rolling at unrolled history size 46
2021-04-06 18:11:18,661 - hybrid.decomposers - DEBUG - EnergyImpactDecomposer selected 12 subproblem variables: ['x5', 'x39', 'x25', 'x4', 'x18', 'x32', 'x2', 'x17', 'x0', 'x3', 'x12', 'x14']
2021-04-06 18:11:21,015 - hybrid.composers - DEBUG - SplatComposer subsamples (shape=(6,)) -> samples (shape=(1,)), sample energies changed [-115704.] -> [-115704.]
2021-04-06 18:11:21,018 - hybrid.flow - INFO - LoopUntilNoImprovement Iteration(iterno=4, input_state_key=-115704.0, output_state_key=-115704.0)
2021-04-06 18:11:21,020 - hybrid.decomposers - DEBUG - EnergyImpactDecomposer selected 12 subproblem variables: ['x10', 'x15', 'x1', 'x13', 'x7', 'x9', 'x6', 'x28', 'x8', 'x11', 'x38', 'x24']
2021-04-06 18:11:21,849 - hybrid.composers - DEBUG - SplatComposer subsamples (shape=(106,)) -> samples (shape=(1,)), sample energies changed [-115704.] -> [-116220.]
2021-04-06 18:11:21,851 - hybrid.flow - INFO - LoopUntilNoImprovement Iteration(iterno=5, input_state_key=-115704.0, output_state_key=-116220.0)
2021-04-06 18:11:21,857 - hybrid.decomposers - DEBUG - EnergyImpactDecomposer selected 12 subproblem variables: ['x31', 'x45', 'x37', 'x23', 'x30', 'x44', 'x36', 'x22', 'x16', 'x29', 'x35', 'x33']
2021-04-06 18:11:22,649 - hybrid.composers - DEBUG - SplatComposer subsamples (shape=(6,)) -> samples (shape=(1,)), sample energies changed [-116220.] -> [-123120.]
2021-04-06 18:11:22,653 - hybrid.flow - INFO - LoopUntilNoImprovement Iteration(iterno=6, input_state_key=-116220.0, output_state_key=-123120.0)
2021-04-06 18:11:22,659 - hybrid.decomposers - DEBUG - EnergyImpactDecomposer selected 10 subproblem variables: ['x34', 'x19', 'x21', 'x43', 'x20', 'x26', 'x42', 'x27', 'x41', 'x40']
2021-04-06 18:11:23,488 - hybrid.composers - DEBUG - SplatComposer subsamples (shape=(40,)) -> samples (shape=(1,)), sample energies changed [-123120.] -> [-133488.]
2021-04-06 18:11:23,491 - hybrid.flow - INFO - LoopUntilNoImprovement Iteration(iterno=7, input_state_key=-123120.0, output_state_key=-133488.0)
2021-04-06 18:11:23,498 - hybrid.decomposers - DEBUG - EnergyImpactDecomposer reset rolling at unrolled history size 46
2021-04-06 18:11:23,498 - hybrid.decomposers - DEBUG - EnergyImpactDecomposer selected 12 subproblem variables: ['x32', 'x25', 'x5', 'x39', 'x18', 'x4', 'x17', 'x3', 'x2', 'x0', 'x16', 'x12']
2021-04-06 18:11:24,427 - hybrid.composers - DEBUG - SplatComposer subsamples (shape=(11,)) -> samples (shape=(1,)), sample energies changed [-133488.] -> [-133488.]
2021-04-06 18:11:24,431 - hybrid.flow - INFO - LoopUntilNoImprovement Iteration(iterno=8, input_state_key=-133488.0, output_state_key=-133488.0)
2021-04-06 18:11:24,434 - hybrid.decomposers - DEBUG - EnergyImpactDecomposer selected 12 subproblem variables: ['x15', 'x10', 'x1', 'x13', 'x11', 'x9', 'x7', 'x6', 'x40', 'x19', 'x33', 'x26']
2021-04-06 18:11:25,288 - hybrid.composers - DEBUG - SplatComposer subsamples (shape=(32,)) -> samples (shape=(1,)), sample energies changed [-133488.] -> [-133488.]
2021-04-06 18:11:25,291 - hybrid.flow - INFO - LoopUntilNoImprovement Iteration(iterno=9, input_state_key=-133488.0, output_state_key=-133488.0)
2021-04-06 18:11:25,294 - hybrid.decomposers - DEBUG - EnergyImpactDecomposer selected 12 subproblem variables: ['x27', 'x14', 'x41', 'x20', 'x35', 'x28', 'x42', 'x36', 'x34', 'x29', 'x21', 'x37']
2021-04-06 18:11:26,074 - hybrid.composers - DEBUG - SplatComposer subsamples (shape=(15,)) -> samples (shape=(1,)), sample energies changed [-133488.] -> [-141096.]
2021-04-06 18:11:26,077 - hybrid.flow - INFO - LoopUntilNoImprovement Iteration(iterno=10, input_state_key=-133488.0, output_state_key=-141096.0)
2021-04-06 18:11:26,084 - hybrid.decomposers - DEBUG - EnergyImpactDecomposer selected 10 subproblem variables: ['x8', 'x38', 'x30', 'x44', 'x22', 'x31', 'x45', 'x23', 'x24', 'x43']
2021-04-06 18:11:26,872 - hybrid.composers - DEBUG - SplatComposer subsamples (shape=(322,)) -> samples (shape=(1,)), sample energies changed [-141096.] -> [-141192.]
2021-04-06 18:11:26,874 - hybrid.flow - INFO - LoopUntilNoImprovement Iteration(iterno=11, input_state_key=-141096.0, output_state_key=-141192.0)
2021-04-06 18:11:26,881 - hybrid.decomposers - DEBUG - EnergyImpactDecomposer reset rolling at unrolled history size 46
2021-04-06 18:11:26,881 - hybrid.decomposers - DEBUG - EnergyImpactDecomposer selected 12 subproblem variables: ['x2', 'x32', 'x5', 'x25', 'x39', 'x18', 'x4', 'x17', 'x3', 'x0', 'x8', 'x15']
2021-04-06 18:11:27,727 - hybrid.composers - DEBUG - SplatComposer subsamples (shape=(9,)) -> samples (shape=(1,)), sample energies changed [-141192.] -> [-141192.]
2021-04-06 18:11:27,730 - hybrid.flow - INFO - LoopUntilNoImprovement Iteration(iterno=12, input_state_key=-141192.0, output_state_key=-141192.0)
2021-04-06 18:11:27,732 - hybrid.decomposers - DEBUG - EnergyImpactDecomposer selected 12 subproblem variables: ['x12', 'x16', 'x14', 'x10', 'x1', 'x13', 'x7', 'x6', 'x11', 'x9', 'x40', 'x19']
2021-04-06 18:11:28,594 - hybrid.composers - DEBUG - SplatComposer subsamples (shape=(45,)) -> samples (shape=(1,)), sample energies changed [-141192.] -> [-141192.]
2021-04-06 18:11:28,597 - hybrid.flow - INFO - LoopUntilNoImprovement Iteration(iterno=13, input_state_key=-141192.0, output_state_key=-141192.0)
2021-04-06 18:11:28,599 - hybrid.decomposers - DEBUG - EnergyImpactDecomposer selected 12 subproblem variables: ['x34', 'x26', 'x27', 'x35', 'x41', 'x20', 'x36', 'x28', 'x37', 'x42', 'x29', 'x21']
2021-04-06 18:11:29,392 - hybrid.composers - DEBUG - SplatComposer subsamples (shape=(34,)) -> samples (shape=(1,)), sample energies changed [-141192.] -> [-141384.]
2021-04-06 18:11:29,395 - hybrid.flow - INFO - LoopUntilNoImprovement Iteration(iterno=14, input_state_key=-141192.0, output_state_key=-141384.0)
2021-04-06 18:11:29,402 - hybrid.decomposers - DEBUG - EnergyImpactDecomposer selected 10 subproblem variables: ['x38', 'x43', 'x22', 'x44', 'x23', 'x45', 'x24', 'x31', 'x30', 'x33']
2021-04-06 18:11:30,200 - hybrid.composers - DEBUG - SplatComposer subsamples (shape=(69,)) -> samples (shape=(1,)), sample energies changed [-141384.] -> [-142338.]
2021-04-06 18:11:30,203 - hybrid.flow - INFO - LoopUntilNoImprovement Iteration(iterno=15, input_state_key=-141384.0, output_state_key=-142338.0)
2021-04-06 18:11:30,209 - hybrid.decomposers - DEBUG - EnergyImpactDecomposer reset rolling at unrolled history size 46
2021-04-06 18:11:30,209 - hybrid.decomposers - DEBUG - EnergyImpactDecomposer selected 12 subproblem variables: ['x39', 'x25', 'x18', 'x2', 'x14', 'x4', 'x5', 'x32', 'x16', 'x17', 'x11', 'x0']
2021-04-06 18:11:31,066 - hybrid.composers - DEBUG - SplatComposer subsamples (shape=(54,)) -> samples (shape=(1,)), sample energies changed [-142338.] -> [-142338.]
2021-04-06 18:11:31,069 - hybrid.flow - INFO - LoopUntilNoImprovement Iteration(iterno=16, input_state_key=-142338.0, output_state_key=-142338.0)
2021-04-06 18:11:31,072 - hybrid.decomposers - DEBUG - EnergyImpactDecomposer selected 12 subproblem variables: ['x10', 'x9', 'x3', 'x6', 'x1', 'x8', 'x12', 'x13', 'x7', 'x15', 'x40', 'x26']
2021-04-06 18:11:31,915 - hybrid.composers - DEBUG - SplatComposer subsamples (shape=(39,)) -> samples (shape=(1,)), sample energies changed [-142338.] -> [-142878.]
2021-04-06 18:11:31,918 - hybrid.flow - INFO - LoopUntilNoImprovement Iteration(iterno=17, input_state_key=-142338.0, output_state_key=-142878.0)
2021-04-06 18:11:31,926 - hybrid.decomposers - DEBUG - EnergyImpactDecomposer selected 12 subproblem variables: ['x19', 'x33', 'x20', 'x41', 'x27', 'x42', 'x28', 'x22', 'x34', 'x23', 'x43', 'x29']
2021-04-06 18:11:32,714 - hybrid.composers - DEBUG - SplatComposer subsamples (shape=(99,)) -> samples (shape=(1,)), sample energies changed [-142878.] -> [-142998.]
2021-04-06 18:11:32,717 - hybrid.flow - INFO - LoopUntilNoImprovement Iteration(iterno=18, input_state_key=-142878.0, output_state_key=-142998.0)
2021-04-06 18:11:32,723 - hybrid.decomposers - DEBUG - EnergyImpactDecomposer selected 10 subproblem variables: ['x21', 'x38', 'x44', 'x30', 'x45', 'x31', 'x24', 'x37', 'x36', 'x35']
2021-04-06 18:11:33,522 - hybrid.composers - DEBUG - SplatComposer subsamples (shape=(101,)) -> samples (shape=(1,)), sample energies changed [-142998.] -> [-143334.]
2021-04-06 18:11:33,526 - hybrid.flow - INFO - LoopUntilNoImprovement Iteration(iterno=19, input_state_key=-142998.0, output_state_key=-143334.0)
2021-04-06 18:11:33,533 - hybrid.decomposers - DEBUG - EnergyImpactDecomposer reset rolling at unrolled history size 46
2021-04-06 18:11:33,533 - hybrid.decomposers - DEBUG - EnergyImpactDecomposer selected 12 subproblem variables: ['x2', 'x39', 'x32', 'x25', 'x5', 'x18', 'x4', 'x14', 'x17', 'x16', 'x3', 'x0']
2021-04-06 18:11:34,399 - hybrid.composers - DEBUG - SplatComposer subsamples (shape=(27,)) -> samples (shape=(1,)), sample energies changed [-143334.] -> [-143334.]
2021-04-06 18:11:34,402 - hybrid.flow - INFO - LoopUntilNoImprovement Iteration(iterno=20, input_state_key=-143334.0, output_state_key=-143334.0)
2021-04-06 18:11:34,405 - hybrid.decomposers - DEBUG - EnergyImpactDecomposer selected 12 subproblem variables: ['x8', 'x15', 'x11', 'x10', 'x12', 'x6', 'x9', 'x1', 'x7', 'x13', 'x40', 'x33']
2021-04-06 18:11:35,252 - hybrid.composers - DEBUG - SplatComposer subsamples (shape=(29,)) -> samples (shape=(1,)), sample energies changed [-143334.] -> [-143370.]
2021-04-06 18:11:35,255 - hybrid.flow - INFO - LoopUntilNoImprovement Iteration(iterno=21, input_state_key=-143334.0, output_state_key=-143370.0)
2021-04-06 18:11:35,261 - hybrid.decomposers - DEBUG - EnergyImpactDecomposer selected 12 subproblem variables: ['x26', 'x19', 'x20', 'x41', 'x34', 'x27', 'x21', 'x42', 'x35', 'x29', 'x28', 'x22']
2021-04-06 18:11:36,058 - hybrid.composers - DEBUG - SplatComposer subsamples (shape=(64,)) -> samples (shape=(1,)), sample energies changed [-143370.] -> [-143370.]
2021-04-06 18:11:36,061 - hybrid.flow - INFO - LoopUntilNoImprovement Iteration(iterno=22, input_state_key=-143370.0, output_state_key=-143370.0)
2021-04-06 18:11:36,064 - hybrid.decomposers - DEBUG - EnergyImpactDecomposer selected 10 subproblem variables: ['x43', 'x36', 'x23', 'x31', 'x44', 'x37', 'x24', 'x45', 'x38', 'x30']
2021-04-06 18:11:36,859 - hybrid.composers - DEBUG - SplatComposer subsamples (shape=(18,)) -> samples (shape=(1,)), sample energies changed [-143370.] -> [-143394.]
2021-04-06 18:11:36,862 - hybrid.flow - INFO - LoopUntilNoImprovement Iteration(iterno=23, input_state_key=-143370.0, output_state_key=-143394.0)
2021-04-06 18:11:36,870 - hybrid.decomposers - DEBUG - EnergyImpactDecomposer reset rolling at unrolled history size 46
2021-04-06 18:11:36,870 - hybrid.decomposers - DEBUG - EnergyImpactDecomposer selected 12 subproblem variables: ['x2', 'x39', 'x32', 'x25', 'x18', 'x5', 'x4', 'x14', 'x17', 'x16', 'x3', 'x0']
2021-04-06 18:11:37,740 - hybrid.composers - DEBUG - SplatComposer subsamples (shape=(19,)) -> samples (shape=(1,)), sample energies changed [-143394.] -> [-143394.]
2021-04-06 18:11:37,744 - hybrid.flow - INFO - LoopUntilNoImprovement Iteration(iterno=24, input_state_key=-143394.0, output_state_key=-143394.0)
2021-04-06 18:11:37,746 - hybrid.decomposers - DEBUG - EnergyImpactDecomposer selected 12 subproblem variables: ['x8', 'x15', 'x12', 'x11', 'x10', 'x9', 'x1', 'x6', 'x13', 'x7', 'x40', 'x33']
2021-04-06 18:11:38,597 - hybrid.composers - DEBUG - SplatComposer subsamples (shape=(25,)) -> samples (shape=(1,)), sample energies changed [-143394.] -> [-143394.]
2021-04-06 18:11:38,599 - hybrid.flow - INFO - LoopUntilNoImprovement Iteration(iterno=25, input_state_key=-143394.0, output_state_key=-143394.0)
2021-04-06 18:11:38,602 - hybrid.decomposers - DEBUG - EnergyImpactDecomposer selected 12 subproblem variables: ['x26', 'x19', 'x20', 'x41', 'x34', 'x27', 'x21', 'x42', 'x35', 'x28', 'x22', 'x43']
2021-04-06 18:11:39,402 - hybrid.composers - DEBUG - SplatComposer subsamples (shape=(51,)) -> samples (shape=(1,)), sample energies changed [-143394.] -> [-143394.]
2021-04-06 18:11:39,405 - hybrid.flow - INFO - LoopUntilNoImprovement Iteration(iterno=26, input_state_key=-143394.0, output_state_key=-143394.0)
2021-04-06 18:11:39,408 - hybrid.decomposers - DEBUG - EnergyImpactDecomposer selected 10 subproblem variables: ['x36', 'x29', 'x23', 'x44', 'x37', 'x30', 'x24', 'x45', 'x38', 'x31']
2021-04-06 18:11:40,193 - hybrid.composers - DEBUG - SplatComposer subsamples (shape=(7,)) -> samples (shape=(1,)), sample energies changed [-143394.] -> [-143394.]
2021-04-06 18:11:40,196 - hybrid.flow - INFO - LoopUntilNoImprovement Iteration(iterno=27, input_state_key=-143394.0, output_state_key=-143394.0)
2021-04-06 18:11:40,197 - hybrid_like_flow - INFO - Solution: sample=Sample(sample={'x0': 0, 'x1': 0, 'x10': 0, 'x11': 1, 'x12': 0, 'x13': 1, 'x14': 1, 'x15': 1, 'x16': 1, 'x17': 0, 'x18': 0, 'x19': 0, 'x2': 0, 'x20': 1, 'x21': 1, 'x22': 1, 'x23': 1, 'x24': 1, 'x25': 0, 'x26': 0, 'x27': 1, 'x28': 1, 'x29': 0, 'x3': 0, 'x30': 0, 'x31': 0, 'x32': 0, 'x33': 0, 'x34': 0, 'x35': 1, 'x36': 0, 'x37': 0, 'x38': 0, 'x39': 0, 'x4': 0, 'x40': 0, 'x41': 0, 'x42': 0, 'x43': 0, 'x44': 0, 'x45': 0, 'x5': 0, 'x6': 1, 'x7': 0, 'x8': 0, 'x9': 0}, energy=-143394.0, num_occurrences=1)
2021-04-06 18:11:40,203 - hybrid_like_flow - INFO - SLACK([1, 0, 0, 0]) ['x11', 'x13', 'x14', 'x15', 'x16', 'x20', 'x21', 'x22', 'x23', 'x24', 'x27', 'x28', 'x35', 'x6'], COST: 600.0, TIME: [28.0, 36.0, 52.0, 60.0], DEADLINE: 60, ENERGY: -143394.0
