2021-04-06 18:19:18,243 - hybrid.decomposers - DEBUG - EnergyImpactDecomposer selected 10 subproblem variables: ['x32', 'x26', 'x20', 'x31', 'x27', 'x25', 'x21', 'x19', 'x15', 'x30']
2021-04-06 18:19:21,269 - hybrid.composers - DEBUG - SplatComposer subsamples (shape=(10,)) -> samples (shape=(1,)), sample energies changed [0.] -> [-4125.]
2021-04-06 18:19:21,271 - hybrid.flow - INFO - LoopUntilNoImprovement Iteration(iterno=0, input_state_key=0.0, output_state_key=-4125.0)
2021-04-06 18:19:21,275 - hybrid.decomposers - DEBUG - EnergyImpactDecomposer selected 10 subproblem variables: ['x28', 'x29', 'x24', 'x18', 'x6', 'x8', 'x11', 'x23', 'x17', 'x1']
2021-04-06 18:19:24,287 - hybrid.composers - DEBUG - SplatComposer subsamples (shape=(12,)) -> samples (shape=(1,)), sample energies changed [-4125.] -> [-11666.]
2021-04-06 18:19:24,289 - hybrid.flow - INFO - LoopUntilNoImprovement Iteration(iterno=1, input_state_key=-4125.0, output_state_key=-11666.0)
2021-04-06 18:19:24,293 - hybrid.decomposers - DEBUG - EnergyImpactDecomposer selected 10 subproblem variables: ['x16', 'x3', 'x22', 'x13', 'x2', 'x4', 'x0', 'x14', 'x10', 'x12']
2021-04-06 18:19:26,625 - hybrid.composers - DEBUG - SplatComposer subsamples (shape=(16,)) -> samples (shape=(1,)), sample energies changed [-11666.] -> [-12398.]
2021-04-06 18:19:26,628 - hybrid.flow - INFO - LoopUntilNoImprovement Iteration(iterno=2, input_state_key=-11666.0, output_state_key=-12398.0)
2021-04-06 18:19:26,633 - hybrid.decomposers - DEBUG - EnergyImpactDecomposer selected 3 subproblem variables: ['x7', 'x9', 'x5']
2021-04-06 18:19:29,082 - hybrid.composers - DEBUG - SplatComposer subsamples (shape=(1,)) -> samples (shape=(1,)), sample energies changed [-12398.] -> [-13438.]
2021-04-06 18:19:29,086 - hybrid.flow - INFO - LoopUntilNoImprovement Iteration(iterno=3, input_state_key=-12398.0, output_state_key=-13438.0)
2021-04-06 18:19:29,092 - hybrid.decomposers - DEBUG - EnergyImpactDecomposer reset rolling at unrolled history size 33
2021-04-06 18:19:29,092 - hybrid.decomposers - DEBUG - EnergyImpactDecomposer selected 10 subproblem variables: ['x21', 'x27', 'x15', 'x22', 'x2', 'x4', 'x0', 'x28', 'x16', 'x14']
2021-04-06 18:19:31,426 - hybrid.composers - DEBUG - SplatComposer subsamples (shape=(12,)) -> samples (shape=(1,)), sample energies changed [-13438.] -> [-13438.]
2021-04-06 18:19:31,427 - hybrid.flow - INFO - LoopUntilNoImprovement Iteration(iterno=4, input_state_key=-13438.0, output_state_key=-13438.0)
2021-04-06 18:19:31,429 - hybrid.decomposers - DEBUG - EnergyImpactDecomposer selected 10 subproblem variables: ['x10', 'x3', 'x7', 'x13', 'x1', 'x6', 'x11', 'x8', 'x9', 'x5']
2021-04-06 18:19:32,245 - hybrid.composers - DEBUG - SplatComposer subsamples (shape=(36,)) -> samples (shape=(1,)), sample energies changed [-13438.] -> [-13515.]
2021-04-06 18:19:32,248 - hybrid.flow - INFO - LoopUntilNoImprovement Iteration(iterno=5, input_state_key=-13438.0, output_state_key=-13515.0)
2021-04-06 18:19:32,252 - hybrid.decomposers - DEBUG - EnergyImpactDecomposer selected 10 subproblem variables: ['x17', 'x12', 'x20', 'x19', 'x18', 'x32', 'x31', 'x29', 'x26', 'x30']
2021-04-06 18:19:33,031 - hybrid.composers - DEBUG - SplatComposer subsamples (shape=(32,)) -> samples (shape=(1,)), sample energies changed [-13515.] -> [-14098.]
2021-04-06 18:19:33,034 - hybrid.flow - INFO - LoopUntilNoImprovement Iteration(iterno=6, input_state_key=-13515.0, output_state_key=-14098.0)
2021-04-06 18:19:33,038 - hybrid.decomposers - DEBUG - EnergyImpactDecomposer selected 3 subproblem variables: ['x25', 'x24', 'x23']
2021-04-06 18:19:33,818 - hybrid.composers - DEBUG - SplatComposer subsamples (shape=(4,)) -> samples (shape=(1,)), sample energies changed [-14098.] -> [-14978.]
2021-04-06 18:19:33,820 - hybrid.flow - INFO - LoopUntilNoImprovement Iteration(iterno=7, input_state_key=-14098.0, output_state_key=-14978.0)
2021-04-06 18:19:33,823 - hybrid.decomposers - DEBUG - EnergyImpactDecomposer reset rolling at unrolled history size 33
2021-04-06 18:19:33,823 - hybrid.decomposers - DEBUG - EnergyImpactDecomposer selected 10 subproblem variables: ['x27', 'x15', 'x21', 'x28', 'x16', 'x22', 'x2', 'x4', 'x0', 'x3']
2021-04-06 18:19:34,635 - hybrid.composers - DEBUG - SplatComposer subsamples (shape=(19,)) -> samples (shape=(1,)), sample energies changed [-14978.] -> [-14978.]
2021-04-06 18:19:34,637 - hybrid.flow - INFO - LoopUntilNoImprovement Iteration(iterno=8, input_state_key=-14978.0, output_state_key=-14978.0)
2021-04-06 18:19:34,639 - hybrid.decomposers - DEBUG - EnergyImpactDecomposer selected 10 subproblem variables: ['x12', 'x14', 'x10', 'x13', 'x9', 'x5', 'x7', 'x1', 'x8', 'x11']
2021-04-06 18:19:35,451 - hybrid.composers - DEBUG - SplatComposer subsamples (shape=(24,)) -> samples (shape=(1,)), sample energies changed [-14978.] -> [-14978.]
2021-04-06 18:19:35,453 - hybrid.flow - INFO - LoopUntilNoImprovement Iteration(iterno=9, input_state_key=-14978.0, output_state_key=-14978.0)
2021-04-06 18:19:35,455 - hybrid.decomposers - DEBUG - EnergyImpactDecomposer selected 10 subproblem variables: ['x6', 'x29', 'x17', 'x23', 'x24', 'x30', 'x18', 'x31', 'x19', 'x32']
2021-04-06 18:19:36,248 - hybrid.composers - DEBUG - SplatComposer subsamples (shape=(38,)) -> samples (shape=(1,)), sample energies changed [-14978.] -> [-14978.]
2021-04-06 18:19:36,250 - hybrid.flow - INFO - LoopUntilNoImprovement Iteration(iterno=10, input_state_key=-14978.0, output_state_key=-14978.0)
2021-04-06 18:19:36,252 - hybrid.decomposers - DEBUG - EnergyImpactDecomposer selected 3 subproblem variables: ['x20', 'x25', 'x26']
2021-04-06 18:19:37,030 - hybrid.composers - DEBUG - SplatComposer subsamples (shape=(1,)) -> samples (shape=(1,)), sample energies changed [-14978.] -> [-14989.]
2021-04-06 18:19:37,033 - hybrid.flow - INFO - LoopUntilNoImprovement Iteration(iterno=11, input_state_key=-14978.0, output_state_key=-14989.0)
2021-04-06 18:19:37,036 - hybrid.decomposers - DEBUG - EnergyImpactDecomposer reset rolling at unrolled history size 33
2021-04-06 18:19:37,036 - hybrid.decomposers - DEBUG - EnergyImpactDecomposer selected 10 subproblem variables: ['x27', 'x21', 'x15', 'x28', 'x22', 'x16', 'x2', 'x4', 'x0', 'x3']
2021-04-06 18:19:37,856 - hybrid.composers - DEBUG - SplatComposer subsamples (shape=(18,)) -> samples (shape=(1,)), sample energies changed [-14989.] -> [-14989.]
2021-04-06 18:19:37,858 - hybrid.flow - INFO - LoopUntilNoImprovement Iteration(iterno=12, input_state_key=-14989.0, output_state_key=-14989.0)
2021-04-06 18:19:37,860 - hybrid.decomposers - DEBUG - EnergyImpactDecomposer selected 10 subproblem variables: ['x12', 'x14', 'x10', 'x13', 'x7', 'x9', 'x5', 'x1', 'x8', 'x11']
2021-04-06 18:19:38,683 - hybrid.composers - DEBUG - SplatComposer subsamples (shape=(20,)) -> samples (shape=(1,)), sample energies changed [-14989.] -> [-14989.]
2021-04-06 18:19:38,685 - hybrid.flow - INFO - LoopUntilNoImprovement Iteration(iterno=13, input_state_key=-14989.0, output_state_key=-14989.0)
2021-04-06 18:19:38,686 - hybrid.decomposers - DEBUG - EnergyImpactDecomposer selected 10 subproblem variables: ['x6', 'x29', 'x23', 'x17', 'x30', 'x24', 'x18', 'x31', 'x25', 'x19']
2021-04-06 18:19:39,464 - hybrid.composers - DEBUG - SplatComposer subsamples (shape=(19,)) -> samples (shape=(1,)), sample energies changed [-14989.] -> [-14989.]
2021-04-06 18:19:39,466 - hybrid.flow - INFO - LoopUntilNoImprovement Iteration(iterno=14, input_state_key=-14989.0, output_state_key=-14989.0)
2021-04-06 18:19:39,468 - hybrid.decomposers - DEBUG - EnergyImpactDecomposer selected 3 subproblem variables: ['x32', 'x26', 'x20']
2021-04-06 18:19:40,243 - hybrid.composers - DEBUG - SplatComposer subsamples (shape=(1,)) -> samples (shape=(1,)), sample energies changed [-14989.] -> [-14989.]
2021-04-06 18:19:40,244 - hybrid.flow - INFO - LoopUntilNoImprovement Iteration(iterno=15, input_state_key=-14989.0, output_state_key=-14989.0)
2021-04-06 18:19:40,245 - hybrid_like_flow - INFO - Solution: sample=Sample(sample={'x0': 0, 'x1': 0, 'x10': 0, 'x11': 0, 'x12': 1, 'x13': 0, 'x14': 0, 'x15': 0, 'x16': 0, 'x17': 1, 'x18': 1, 'x19': 0, 'x2': 0, 'x20': 0, 'x21': 0, 'x22': 0, 'x23': 0, 'x24': 1, 'x25': 0, 'x26': 1, 'x27': 0, 'x28': 0, 'x29': 1, 'x3': 0, 'x30': 0, 'x31': 1, 'x32': 0, 'x4': 0, 'x5': 1, 'x6': 1, 'x7': 0, 'x8': 1, 'x9': 1}, energy=-14989.0, num_occurrences=1)
2021-04-06 18:19:40,246 - hybrid_like_flow - INFO - ['x12', 'x17', 'x18', 'x24', 'x26', 'x29', 'x31', 'x5', 'x6', 'x8', 'x9'], COST: 48.0, TIME: [5.0, 12.0, 7.0], DEADLINE: 17, ENERGY: -14989.0
