2021-04-06 18:16:43,648 - hybrid.decomposers - DEBUG - EnergyImpactDecomposer selected 10 subproblem variables: ['x32', 'x26', 'x20', 'x31', 'x27', 'x25', 'x21', 'x19', 'x15', 'x30']
2021-04-06 18:16:46,628 - hybrid.composers - DEBUG - SplatComposer subsamples (shape=(11,)) -> samples (shape=(1,)), sample energies changed [0.] -> [-4125.]
2021-04-06 18:16:46,630 - hybrid.flow - INFO - LoopUntilNoImprovement Iteration(iterno=0, input_state_key=0.0, output_state_key=-4125.0)
2021-04-06 18:16:46,636 - hybrid.decomposers - DEBUG - EnergyImpactDecomposer selected 10 subproblem variables: ['x28', 'x29', 'x24', 'x18', 'x6', 'x8', 'x11', 'x23', 'x17', 'x1']
2021-04-06 18:16:49,602 - hybrid.composers - DEBUG - SplatComposer subsamples (shape=(13,)) -> samples (shape=(1,)), sample energies changed [-4125.] -> [-11666.]
2021-04-06 18:16:49,604 - hybrid.flow - INFO - LoopUntilNoImprovement Iteration(iterno=1, input_state_key=-4125.0, output_state_key=-11666.0)
2021-04-06 18:16:49,608 - hybrid.decomposers - DEBUG - EnergyImpactDecomposer selected 10 subproblem variables: ['x16', 'x3', 'x22', 'x13', 'x2', 'x4', 'x0', 'x14', 'x10', 'x12']
2021-04-06 18:16:51,944 - hybrid.composers - DEBUG - SplatComposer subsamples (shape=(20,)) -> samples (shape=(1,)), sample energies changed [-11666.] -> [-12398.]
2021-04-06 18:16:51,946 - hybrid.flow - INFO - LoopUntilNoImprovement Iteration(iterno=2, input_state_key=-11666.0, output_state_key=-12398.0)
2021-04-06 18:16:51,950 - hybrid.decomposers - DEBUG - EnergyImpactDecomposer selected 3 subproblem variables: ['x7', 'x9', 'x5']
2021-04-06 18:16:54,242 - hybrid.composers - DEBUG - SplatComposer subsamples (shape=(4,)) -> samples (shape=(1,)), sample energies changed [-12398.] -> [-13438.]
2021-04-06 18:16:54,244 - hybrid.flow - INFO - LoopUntilNoImprovement Iteration(iterno=3, input_state_key=-12398.0, output_state_key=-13438.0)
2021-04-06 18:16:54,248 - hybrid.decomposers - DEBUG - EnergyImpactDecomposer reset rolling at unrolled history size 33
2021-04-06 18:16:54,248 - hybrid.decomposers - DEBUG - EnergyImpactDecomposer selected 10 subproblem variables: ['x21', 'x27', 'x15', 'x22', 'x2', 'x4', 'x0', 'x28', 'x16', 'x14']
2021-04-06 18:16:56,566 - hybrid.composers - DEBUG - SplatComposer subsamples (shape=(10,)) -> samples (shape=(1,)), sample energies changed [-13438.] -> [-13438.]
2021-04-06 18:16:56,568 - hybrid.flow - INFO - LoopUntilNoImprovement Iteration(iterno=4, input_state_key=-13438.0, output_state_key=-13438.0)
2021-04-06 18:16:56,570 - hybrid.decomposers - DEBUG - EnergyImpactDecomposer selected 10 subproblem variables: ['x10', 'x3', 'x7', 'x13', 'x1', 'x6', 'x11', 'x8', 'x9', 'x5']
2021-04-06 18:16:57,402 - hybrid.composers - DEBUG - SplatComposer subsamples (shape=(31,)) -> samples (shape=(1,)), sample energies changed [-13438.] -> [-13515.]
2021-04-06 18:16:57,404 - hybrid.flow - INFO - LoopUntilNoImprovement Iteration(iterno=5, input_state_key=-13438.0, output_state_key=-13515.0)
2021-04-06 18:16:57,408 - hybrid.decomposers - DEBUG - EnergyImpactDecomposer selected 10 subproblem variables: ['x17', 'x12', 'x20', 'x19', 'x18', 'x32', 'x31', 'x29', 'x26', 'x30']
2021-04-06 18:16:58,222 - hybrid.composers - DEBUG - SplatComposer subsamples (shape=(28,)) -> samples (shape=(1,)), sample energies changed [-13515.] -> [-14098.]
2021-04-06 18:16:58,226 - hybrid.flow - INFO - LoopUntilNoImprovement Iteration(iterno=6, input_state_key=-13515.0, output_state_key=-14098.0)
2021-04-06 18:16:58,236 - hybrid.decomposers - DEBUG - EnergyImpactDecomposer selected 3 subproblem variables: ['x25', 'x24', 'x23']
2021-04-06 18:16:59,033 - hybrid.composers - DEBUG - SplatComposer subsamples (shape=(4,)) -> samples (shape=(1,)), sample energies changed [-14098.] -> [-14978.]
2021-04-06 18:16:59,036 - hybrid.flow - INFO - LoopUntilNoImprovement Iteration(iterno=7, input_state_key=-14098.0, output_state_key=-14978.0)
2021-04-06 18:16:59,040 - hybrid.decomposers - DEBUG - EnergyImpactDecomposer reset rolling at unrolled history size 33
2021-04-06 18:16:59,040 - hybrid.decomposers - DEBUG - EnergyImpactDecomposer selected 10 subproblem variables: ['x21', 'x27', 'x15', 'x22', 'x2', 'x28', 'x16', 'x4', 'x0', 'x3']
2021-04-06 18:16:59,829 - hybrid.composers - DEBUG - SplatComposer subsamples (shape=(13,)) -> samples (shape=(1,)), sample energies changed [-14978.] -> [-14978.]
2021-04-06 18:16:59,831 - hybrid.flow - INFO - LoopUntilNoImprovement Iteration(iterno=8, input_state_key=-14978.0, output_state_key=-14978.0)
2021-04-06 18:16:59,833 - hybrid.decomposers - DEBUG - EnergyImpactDecomposer selected 10 subproblem variables: ['x14', 'x10', 'x12', 'x13', 'x7', 'x1', 'x8', 'x9', 'x5', 'x11']
2021-04-06 18:17:00,635 - hybrid.composers - DEBUG - SplatComposer subsamples (shape=(26,)) -> samples (shape=(1,)), sample energies changed [-14978.] -> [-14978.]
2021-04-06 18:17:00,638 - hybrid.flow - INFO - LoopUntilNoImprovement Iteration(iterno=9, input_state_key=-14978.0, output_state_key=-14978.0)
2021-04-06 18:17:00,639 - hybrid.decomposers - DEBUG - EnergyImpactDecomposer selected 10 subproblem variables: ['x6', 'x23', 'x29', 'x17', 'x30', 'x18', 'x24', 'x31', 'x19', 'x26']
2021-04-06 18:17:01,413 - hybrid.composers - DEBUG - SplatComposer subsamples (shape=(33,)) -> samples (shape=(1,)), sample energies changed [-14978.] -> [-14978.]
2021-04-06 18:17:01,415 - hybrid.flow - INFO - LoopUntilNoImprovement Iteration(iterno=10, input_state_key=-14978.0, output_state_key=-14978.0)
2021-04-06 18:17:01,417 - hybrid.decomposers - DEBUG - EnergyImpactDecomposer selected 3 subproblem variables: ['x32', 'x20', 'x25']
2021-04-06 18:17:02,196 - hybrid.composers - DEBUG - SplatComposer subsamples (shape=(2,)) -> samples (shape=(1,)), sample energies changed [-14978.] -> [-14978.]
2021-04-06 18:17:02,199 - hybrid.flow - INFO - LoopUntilNoImprovement Iteration(iterno=11, input_state_key=-14978.0, output_state_key=-14978.0)
2021-04-06 18:17:02,200 - hybrid_like_flow - INFO - Solution: sample=Sample(sample={'x0': 0, 'x1': 0, 'x10': 0, 'x11': 0, 'x12': 1, 'x13': 0, 'x14': 0, 'x15': 0, 'x16': 0, 'x17': 1, 'x18': 1, 'x19': 0, 'x2': 0, 'x20': 0, 'x21': 0, 'x22': 0, 'x23': 0, 'x24': 1, 'x25': 1, 'x26': 0, 'x27': 0, 'x28': 0, 'x29': 1, 'x3': 0, 'x30': 0, 'x31': 1, 'x32': 0, 'x4': 0, 'x5': 1, 'x6': 1, 'x7': 0, 'x8': 1, 'x9': 1}, energy=-14978.0, num_occurrences=1)
2021-04-06 18:17:02,200 - hybrid_like_flow - INFO - SLACK([0, 1, 0]) ['x12', 'x17', 'x18', 'x24', 'x25', 'x29', 'x31', 'x5', 'x6', 'x8', 'x9'], COST: 48.0, TIME: [5.0, 12.0, 7.0], DEADLINE: 17, ENERGY: -14978.0
